0 info it worked if it ends with ok
1 verbose cli [ 'c:\\Program Files\\nodejs\\node.exe',
1 verbose cli   'c:\\Program Files\\nodejs\\node_modules\\npm\\bin\\npm-cli.js',
1 verbose cli   'start' ]
2 info using npm@3.10.10
3 info using node@v6.11.1
4 verbose run-script [ 'prestart', 'start', 'poststart' ]
5 info lifecycle express-app@1.0.0~prestart: express-app@1.0.0
6 silly lifecycle express-app@1.0.0~prestart: no script for prestart, continuing
7 info lifecycle express-app@1.0.0~start: express-app@1.0.0
8 verbose lifecycle express-app@1.0.0~start: unsafe-perm in lifecycle true
9 verbose lifecycle express-app@1.0.0~start: PATH: c:\Program Files\nodejs\node_modules\npm\bin\node-gyp-bin;C:\Users\i342664\Documents\private\dev\coin-assist-api\node_modules\.bin;C:\ProgramData\Oracle\Java\javapath;C:\Python36\Scripts\;C:\Python36\;c:\windows\system32;c:\windows;c:\windows\system32\wbem;c:\windows\system32\windowspowershell\v1.0\;c:\program files\nodejs\;c:\program files\cloud foundry;C:\Program Files\Java\jdk1.8.0_144\bin;C:\Program Files\apache-maven-3.5.0\bin;C:\Program Files\SourceGear\Common\DiffMerge\;C:\Program Files\PostgreSQL\9.6\bin;C:\ProgramData\chocolatey\bin;C:\Program Files\Git\cmd;C:\Ruby25-x64\bin;C:\Program Files\Java\jdk1.8.0_144\bin;C:\Users\i342664\AppData\Local\Microsoft\WindowsApps;C:\Program Files (x86)\Microsoft VS Code\bin;C:\Users\i342664\AppData\Roaming\npm;C:\Users\i342664\AppData\Local\GitHubDesktop\bin;C:\Program Files\apache-maven-3.5.0\bin;C:\Program Files\RabbitMQ Server\rabbitmq_server-3.6.12\sbin;C:\Program Files\Git\bin;C:\Program Files\Heroku\bin;C:\Users\i342664\AppData\Local\Android\Sdk
10 verbose lifecycle express-app@1.0.0~start: CWD: C:\Users\i342664\Documents\private\dev\coin-assist-api
11 silly lifecycle express-app@1.0.0~start: Args: [ '/d /s /c', 'node app.js' ]
12 verbose stack Error: kill ENOSYS
12 verbose stack     at exports._errnoException (util.js:1018:11)
12 verbose stack     at process.kill (internal/process.js:190:13)
12 verbose stack     at process.listener (c:\Program Files\nodejs\node_modules\npm\node_modules\npmlog\node_modules\gauge\node_modules\signal-exit\index.js:86:15)
12 verbose stack     at emitNone (events.js:91:20)
12 verbose stack     at process.emit (events.js:185:7)
12 verbose stack     at processEmit (c:\Program Files\nodejs\node_modules\npm\node_modules\npmlog\node_modules\gauge\node_modules\signal-exit\index.js:146:32)
12 verbose stack     at processEmit (c:\Program Files\nodejs\node_modules\npm\node_modules\npm-registry-client\node_modules\npmlog\node_modules\gauge\node_modules\signal-exit\index.js:146:32)
12 verbose stack     at Signal.wrap.onsignal (internal/process.js:217:44)
13 verbose cwd C:\Users\i342664\Documents\private\dev\coin-assist-api
14 error Windows_NT 10.0.14393
15 error argv "c:\\Program Files\\nodejs\\node.exe" "c:\\Program Files\\nodejs\\node_modules\\npm\\bin\\npm-cli.js" "start"
16 error node v6.11.1
17 error npm  v3.10.10
18 error code ENOSYS
19 error errno ENOSYS
20 error syscall kill
21 error kill ENOSYS
22 error If you need help, you may report this error at:
22 error     <https://github.com/npm/npm/issues>
23 verbose exit [ 1, true ]
